<?xml version="1.0" encoding="UTF-8"?>
<!-- Generated by org.testng.reporters.JUnitReportReporter -->
<testsuite skipped="0" hostname="E0366482" name="test.TC_001" tests="1" failures="0" timestamp="16 Aug 2018 19:08:28 GMT" time="0.028" errors="0">
  <testcase name="test" time="0.028" classname="test.TC_001"/>
</testsuite> <!-- test.TC_001 -->
